\BOOKMARK [0][]{section*.4}{List of Figures}{}% 1
\BOOKMARK [0][]{section*.6}{List of Tables}{}% 2
\BOOKMARK [0][]{chapter.1}{1 Introduction}{}% 3
\BOOKMARK [1][]{section.1.1}{1.1 Problem Statement}{chapter.1}% 4
\BOOKMARK [1][]{section.1.2}{1.2 Goals}{chapter.1}% 5
\BOOKMARK [1][]{section.1.3}{1.3 Structure of this Document}{chapter.1}% 6
\BOOKMARK [0][]{chapter.2}{2 Reinforcement Learning}{}% 7
\BOOKMARK [1][]{section.2.1}{2.1 Concepts}{chapter.2}% 8
\BOOKMARK [1][]{section.2.2}{2.2 Q-function}{chapter.2}% 9
\BOOKMARK [1][]{section.2.3}{2.3 Q-function approximation}{chapter.2}% 10
\BOOKMARK [2][]{subsection.2.3.1}{2.3.1 Q-learning}{section.2.3}% 11
\BOOKMARK [2][]{subsection.2.3.2}{2.3.2 Deep Q-networks}{section.2.3}% 12
\BOOKMARK [0][]{chapter.3}{3 Polyhedra Analysis}{}% 13
\BOOKMARK [1][]{section.3.1}{3.1 Polyhedra representation}{chapter.3}% 14
\BOOKMARK [2][]{subsection.3.1.1}{3.1.1 Constraint representation}{section.3.1}% 15
\BOOKMARK [2][]{subsection.3.1.2}{3.1.2 Generator representation}{section.3.1}% 16
\BOOKMARK [1][]{section.3.2}{3.2 Polyhedra domain}{chapter.3}% 17
\BOOKMARK [1][]{section.3.3}{3.3 Polyhedra Decomposition}{chapter.3}% 18
\BOOKMARK [2][]{subsection.3.3.1}{3.3.1 Decomposition operators}{section.3.3}% 19
\BOOKMARK [1][]{section.3.4}{3.4 Reinforcement Learning for polyhedra analysis}{chapter.3}% 20
\BOOKMARK [2][]{subsection.3.4.1}{3.4.1 Adapting polyhedra analysis for Reinforcement Learning}{section.3.4}% 21
\BOOKMARK [2][]{subsection.3.4.2}{3.4.2 Existing methods}{section.3.4}% 22
\BOOKMARK [0][]{chapter.4}{4 Fast polyhedra analysis with deep Q-networks}{}% 23
\BOOKMARK [1][]{section.4.1}{4.1 Incorporating Neural Networks inside Elina}{chapter.4}% 24
\BOOKMARK [1][]{section.4.2}{4.2 Basic algorithm}{chapter.4}% 25
\BOOKMARK [2][]{subsection.4.2.1}{4.2.1 Features}{section.4.2}% 26
\BOOKMARK [1][]{section.4.3}{4.3 Actions}{chapter.4}% 27
\BOOKMARK [1][]{section.4.4}{4.4 Reward}{chapter.4}% 28
\BOOKMARK [2][]{subsection.4.4.1}{4.4.1 Experience replay memory}{section.4.4}% 29
\BOOKMARK [2][]{subsection.4.4.2}{4.4.2 Q-estimator separation}{section.4.4}% 30
\BOOKMARK [1][]{section.4.5}{4.5 Further optimisations}{chapter.4}% 31
\BOOKMARK [2][]{subsection.4.5.1}{4.5.1 Separating the problem into two}{section.4.5}% 32
\BOOKMARK [1][]{section.4.6}{4.6 Feature selection}{chapter.4}% 33
\BOOKMARK [1][]{section.4.7}{4.7 Reward Function modelling}{chapter.4}% 34
\BOOKMARK [1][]{section.4.8}{4.8 Action selection algorithms}{chapter.4}% 35
\BOOKMARK [1][]{section.4.9}{4.9 Neural network characteristics}{chapter.4}% 36
\BOOKMARK [1][]{section.4.10}{4.10 Training}{chapter.4}% 37
\BOOKMARK [0][]{chapter.5}{5 Implementation}{}% 38
\BOOKMARK [1][]{section.5.1}{5.1 Software Components}{chapter.5}% 39
\BOOKMARK [1][]{section.5.2}{5.2 Graphics}{chapter.5}% 40
\BOOKMARK [1][]{section.5.3}{5.3 Sound Analysis}{chapter.5}% 41
\BOOKMARK [2][]{subsection.5.3.1}{5.3.1 Songs}{section.5.3}% 42
\BOOKMARK [2][]{subsection.5.3.2}{5.3.2 Notes}{section.5.3}% 43
\BOOKMARK [2][]{subsection.5.3.3}{5.3.3 Timing}{section.5.3}% 44
\BOOKMARK [2][]{subsection.5.3.4}{5.3.4 Midi Playback}{section.5.3}% 45
\BOOKMARK [2][]{subsection.5.3.5}{5.3.5 Noise Detection}{section.5.3}% 46
\BOOKMARK [1][]{section.5.4}{5.4 Game Controller}{chapter.5}% 47
\BOOKMARK [2][]{subsection.5.4.1}{5.4.1 Player}{section.5.4}% 48
\BOOKMARK [2][]{subsection.5.4.2}{5.4.2 Score}{section.5.4}% 49
\BOOKMARK [1][]{section.5.5}{5.5 User Interface}{chapter.5}% 50
\BOOKMARK [0][]{chapter.6}{6 Evaluation}{}% 51
\BOOKMARK [1][]{section.6.1}{6.1 Methodology}{chapter.6}% 52
\BOOKMARK [1][]{section.6.2}{6.2 Experiment: Comparison of two Prototypes}{chapter.6}% 53
\BOOKMARK [2][]{subsection.6.2.1}{6.2.1 Setup}{section.6.2}% 54
\BOOKMARK [2][]{subsection.6.2.2}{6.2.2 Results}{section.6.2}% 55
\BOOKMARK [1][]{section.6.3}{6.3 Experiment: Cognitive Walkthrough}{chapter.6}% 56
\BOOKMARK [2][]{subsection.6.3.1}{6.3.1 Setup}{section.6.3}% 57
\BOOKMARK [2][]{subsection.6.3.2}{6.3.2 Results}{section.6.3}% 58
\BOOKMARK [1][]{section.6.4}{6.4 Long term study}{chapter.6}% 59
\BOOKMARK [2][]{subsection.6.4.1}{6.4.1 Setup}{section.6.4}% 60
\BOOKMARK [2][]{subsection.6.4.2}{6.4.2 Discussion}{section.6.4}% 61
\BOOKMARK [1][]{section.6.5}{6.5 Limitations}{chapter.6}% 62
\BOOKMARK [0][]{chapter.7}{7 Conclusion and Future Work}{}% 63
\BOOKMARK [0][]{appendix.A}{A Appendix}{}% 64
\BOOKMARK [1][]{section.A.1}{A.1 Controlled Comparison}{appendix.A}% 65
\BOOKMARK [2][]{subsection.A.1.1}{A.1.1 Guides}{section.A.1}% 66
\BOOKMARK [2][]{subsection.A.1.2}{A.1.2 Questionnaire}{section.A.1}% 67
\BOOKMARK [1][]{section.A.2}{A.2 Cognitive Walkthrough}{appendix.A}% 68
\BOOKMARK [2][]{subsection.A.2.1}{A.2.1 Guides}{section.A.2}% 69
\BOOKMARK [2][]{subsection.A.2.2}{A.2.2 Questionnaire}{section.A.2}% 70
\BOOKMARK [1][]{section.A.3}{A.3 Long Term Study}{appendix.A}% 71
\BOOKMARK [2][]{subsection.A.3.1}{A.3.1 Guides}{section.A.3}% 72
\BOOKMARK [0][]{section*.36}{Bibliography}{}% 73
